<?xml version="1.0" encoding="UTF-8"?>
<!-- Generated by org.testng.reporters.JUnitReportReporter -->
<testsuite hostname="NergyIndia" failures="0" tests="2" name="testngdemo1_demo.Hellotestngtest" time="0.034" errors="0" timestamp="2025-08-27T12:00:19 IST" skipped="0">
  <testcase classname="testngdemo1_demo.Hellotestngtest" name="testAddition" time="0.028"/>
  <testcase classname="testngdemo1_demo.Hellotestngtest" name="testContains" time="0.006"/>
</testsuite> <!-- testngdemo1_demo.Hellotestngtest -->
