<?xml version="1.0" encoding="UTF-8"?>
<!-- Generated by org.testng.reporters.JUnitReportReporter -->
<testsuite hostname="NergyIndia" failures="0" tests="1" name="testngdemo1_demo.SauceDemoProductCheckout" time="6.826" errors="0" timestamp="2025-09-01T17:20:01 IST" skipped="0">
  <testcase classname="testngdemo1_demo.SauceDemoProductCheckout" name="testValidLogin" time="6.826"/>
</testsuite> <!-- testngdemo1_demo.SauceDemoProductCheckout -->
